<?xml version="1.0" encoding="UTF-8"?>
<!-- Generated by org.testng.reporters.JUnitReportReporter -->
<testsuite hostname="DESKTOP-VUGM2GH" failures="0" tests="2" name="TestNNGSuite.TestNGFeatures" time="0.024" errors="0" timestamp="11 Oct 2018 17:27:45 GMT">
  <testcase classname="TestNNGSuite.TestNGFeatures" name="fTest2" time="0.011"/>
  <testcase classname="TestNNGSuite.TestNGFeatures" name="fTest1" time="0.013"/>
</testsuite> <!-- TestNNGSuite.TestNGFeatures -->
