<?xml version="1.0" encoding="UTF-8"?>
<!-- Generated by org.testng.reporters.JUnitReportReporter -->
<testsuite hostname="DESKTOP-VUGM2GH" failures="0" tests="1" name="SeleniumPractise.MouseMovement" time="1.506" errors="0" timestamp="22 Sep 2018 07:26:45 GMT">
  <testcase classname="SeleniumPractise.MouseMovement" name="mouseMovemnet" time="1.506"/>
</testsuite> <!-- SeleniumPractise.MouseMovement -->
