<?xml version="1.0" encoding="UTF-8"?>
<!-- Generated by org.testng.reporters.JUnitReportReporter -->
<testsuite hostname="DESKTOP-VUGM2GH" failures="0" tests="2" name="SeleniumPractise.Driver" time="9.662" errors="0" timestamp="17 Sep 2018 03:43:32 GMT">
  <testcase classname="SeleniumPractise.Driver" name="startChrome" time="9.646"/>
  <testcase classname="SeleniumPractise.Driver" name="closeChrome" time="0.016"/>
</testsuite> <!-- SeleniumPractise.Driver -->
