<?xml version="1.0" encoding="UTF-8"?>
<!-- Generated by org.testng.reporters.JUnitReportReporter -->
<testsuite hostname="DESKTOP-VUGM2GH" failures="0" tests="1" name="SeleniumPractise.DragAndDrop" time="45.769" errors="0" timestamp="7 Oct 2018 17:30:13 GMT">
  <testcase classname="SeleniumPractise.DragAndDrop" name="fDragAndDrop" time="45.769"/>
</testsuite> <!-- SeleniumPractise.DragAndDrop -->
