<?xml version="1.0" encoding="UTF-8"?>
<!-- Generated by org.testng.reporters.JUnitReportReporter -->
<testsuite hostname="DESKTOP-VUGM2GH" failures="0" tests="1" name="SeleniumPractise.HandleWindowPopup" time="5.528" errors="0" timestamp="26 Sep 2018 17:16:03 GMT">
  <testcase classname="SeleniumPractise.HandleWindowPopup" name="fHandleWindow" time="5.528"/>
</testsuite> <!-- SeleniumPractise.HandleWindowPopup -->
