<?xml version="1.0" encoding="UTF-8"?>
<!-- Generated by org.testng.reporters.JUnitReportReporter -->
<testsuite hostname="DESKTOP-VUGM2GH" failures="0" tests="7" name="com.datadriven.test.DataProviderTest" time="0.131" errors="0" timestamp="11 Oct 2018 17:44:36 GMT">
  <testcase classname="com.datadriven.test.DataProviderTest" name="checkDataProverFun" time="0.005"/>
  <testcase classname="com.datadriven.test.DataProviderTest" name="checkDataProverFun" time="0.003"/>
  <testcase classname="com.datadriven.test.DataProviderTest" name="checkDataProverFun" time="0.008"/>
  <testcase classname="com.datadriven.test.DataProviderTest" name="checkDataProverFun2" time="0.003"/>
  <testcase classname="com.datadriven.test.DataProviderTest" name="checkDataProverFun" time="0.010"/>
  <testcase classname="com.datadriven.test.DataProviderTest" name="checkDataProverFun" time="0.074"/>
  <testcase classname="com.datadriven.test.DataProviderTest" name="checkDataProverFun" time="0.028"/>
</testsuite> <!-- com.datadriven.test.DataProviderTest -->
