<?xml version="1.0" encoding="UTF-8"?>
<!-- Generated by org.testng.reporters.JUnitReportReporter -->
<testsuite hostname="DESKTOP-VUGM2GH" failures="0" tests="1" name="SeleniumPractise.Test3" time="0.006" errors="0" timestamp="17 Sep 2018 03:43:32 GMT">
  <testcase classname="SeleniumPractise.Test3" name="check" time="0.006"/>
</testsuite> <!-- SeleniumPractise.Test3 -->
