<?xml version="1.0" encoding="UTF-8"?>
<!-- Generated by org.testng.reporters.JUnitReportReporter -->
<testsuite hostname="DESKTOP-VUGM2GH" failures="0" tests="1" name="SeleniumPractise.FileUpload" time="10.481" errors="0" timestamp="20 Sep 2018 03:29:09 GMT">
  <testcase classname="SeleniumPractise.FileUpload" name="fuploadFile" time="10.481"/>
</testsuite> <!-- SeleniumPractise.FileUpload -->
