<?xml version="1.0" encoding="UTF-8"?>
<!-- Generated by org.testng.reporters.JUnitReportReporter -->
<testsuite hostname="DESKTOP-VUGM2GH" failures="0" tests="2" name="TestNNGSuite.TestNGFeatures" time="0.019" errors="0" timestamp="7 Oct 2018 17:30:13 GMT">
  <testcase classname="TestNNGSuite.TestNGFeatures" name="fTest1" time="0.014"/>
  <testcase classname="TestNNGSuite.TestNGFeatures" name="fTest2" time="0.005"/>
</testsuite> <!-- TestNNGSuite.TestNGFeatures -->
