<?xml version="1.0" encoding="UTF-8"?>
<!-- Generated by org.testng.reporters.JUnitReportReporter -->
<testsuite hostname="DESKTOP-VUGM2GH" failures="0" tests="1" name="SeleniumPractise.Driver" time="18.046" errors="0" timestamp="8 Sep 2018 10:25:50 GMT">
  <testcase classname="SeleniumPractise.Driver" name="startChrome" time="18.046"/>
</testsuite> <!-- SeleniumPractise.Driver -->
