<?xml version="1.0" encoding="UTF-8"?>
<!-- Generated by org.testng.reporters.JUnitReportReporter -->
<testsuite hostname="DESKTOP-VUGM2GH" failures="0" tests="1" name="SeleniumPractise.AlertMailPopUp" time="0.304" errors="0" timestamp="20 Sep 2018 03:13:05 GMT">
  <testcase classname="SeleniumPractise.AlertMailPopUp" name="fTestHandlePopUp" time="0.304"/>
</testsuite> <!-- SeleniumPractise.AlertMailPopUp -->
