<?xml version="1.0" encoding="UTF-8"?>
<!-- Generated by org.testng.reporters.JUnitReportReporter -->
<testsuite hostname="DESKTOP-VUGM2GH" failures="0" tests="1" name="SeleniumPractise.DragAndDrop" time="20.445" errors="0" timestamp="22 Sep 2018 07:54:35 GMT">
  <testcase classname="SeleniumPractise.DragAndDrop" name="fDragAndDrop" time="20.445"/>
</testsuite> <!-- SeleniumPractise.DragAndDrop -->
