<?xml version="1.0" encoding="UTF-8"?>
<!-- Generated by org.testng.reporters.JUnitReportReporter -->
<testsuite hostname="DESKTOP-VUGM2GH" failures="0" tests="1" name="SeleniumPractise.FrameHandling" time="8.130" errors="0" timestamp="22 Sep 2018 07:33:15 GMT">
  <testcase classname="SeleniumPractise.FrameHandling" name="fuploadFile" time="8.130"/>
</testsuite> <!-- SeleniumPractise.FrameHandling -->
