<?xml version="1.0" encoding="UTF-8"?>
<!-- Generated by org.testng.reporters.JUnitReportReporter -->
<testsuite hostname="DESKTOP-VUGM2GH" failures="0" tests="2" name="SeleniumPractise.NewClass" time="0.008" errors="0" timestamp="17 Sep 2018 03:43:32 GMT">
  <testcase classname="SeleniumPractise.NewClass" name="newC" time="0.003"/>
  <testcase classname="SeleniumPractise.NewClass" name="check" time="0.005"/>
</testsuite> <!-- SeleniumPractise.NewClass -->
